<?xml version="1.0" encoding="UTF-8"?>
<!-- Generated by org.testng.reporters.JUnitXMLReporter -->
<testsuite hostname="Yasir-PC" ignored="0" name="Default test" tests="4" failures="0" timestamp="25 Dec 2017 00:27:30 GMT" time="117.176" errors="0">
  <testcase name="verifyLoginWithValidCredencials" time="18.974" classname="com.company.freecrm.testcases.TC001_VerifyLoginPage"/>
  <testcase name="verifyLoginWithValidCredencials" time="10.924" classname="com.company.freecrm.testcases.TC001_VerifyLoginPage"/>
  <testcase name="verifyLoginWithValidCredencials" time="11.618" classname="com.company.freecrm.testcases.TC001_VerifyLoginPage"/>
  <testcase name="verifyLoginWithValidCredencials" time="11.844" classname="com.company.freecrm.testcases.TC001_VerifyLoginPage"/>
</testsuite> <!-- Default test -->
